%!Adobe-FontList 1.16
%Locale:0x409

%BeginFont
Handler:DirectoryHandler
FontType:Type1
FontName:HelveticaNeueLTStd-Lt
FamilyName:Helvetica Neue LT Std
StyleName:45 Light
MenuName:HelveticaNeueLT Std Lt
StyleBits:0
WeightClass:300
WidthClass:5
AngleClass:0
FullName:Helvetica Neue LT Std 45 Light
WritingScript:Roman
OutlineFileName:\HelveticaNeueLTStd-Lt.otf
DataFormat:sfntData
UsesStandardEncoding:yes
isCFF:yes
FileLength:28120
FileModTime:1052745464
NameArray:0,Mac,18,HelveticaNeueLT Std Lt
NameArray:0,Mac,4,Helvetica Neue LT Std 45 Light
NameArray:0,Win,1,HelveticaNeueLT Std Lt
NameArray:0,Win,16,Helvetica Neue LT Std
%EndFont

%BeginFont
Handler:DirectoryHandler
FontType:Type1
FontName:HelveticaNeueLTStd-Md
FamilyName:Helvetica Neue LT Std
StyleName:65 Medium
MenuName:HelveticaNeueLT Std Med
StyleBits:0
WeightClass:500
WidthClass:5
AngleClass:0
FullName:Helvetica Neue LT Std 65 Medium
WritingScript:Roman
OutlineFileName:\HelveticaNeueLTStd-Md.otf
DataFormat:sfntData
UsesStandardEncoding:yes
isCFF:yes
FileLength:28260
FileModTime:1052745464
NameArray:0,Mac,18,HelveticaNeueLT Std Med
NameArray:0,Mac,4,Helvetica Neue LT Std 65 Medium
NameArray:0,Win,1,HelveticaNeueLT Std Med
NameArray:0,Win,16,Helvetica Neue LT Std
%EndFont

%BeginFont
Handler:DirectoryHandler
FontType:Type1
FontName:HelveticaNeueLTStd-Roman
FamilyName:Helvetica Neue LT Std
StyleName:55 Roman
MenuName:HelveticaNeueLT Std
StyleBits:0
WeightClass:400
WidthClass:5
AngleClass:0
FullName:Helvetica Neue LT Std 55 Roman
WritingScript:Roman
OutlineFileName:\HelveticaNeueLTStd-Roman.otf
DataFormat:sfntData
UsesStandardEncoding:yes
isCFF:yes
FileLength:27476
FileModTime:1055391974
NameArray:0,Mac,18,HelveticaNeueLT Std
NameArray:0,Mac,4,Helvetica Neue LT Std 55 Roman
NameArray:0,Win,1,HelveticaNeueLT Std
NameArray:0,Win,16,Helvetica Neue LT Std
%EndFont

